2022-11-20T08:18:29.999Z [P.A] info GET /request
2022-11-20T08:18:47.551Z [P.A] info GET /request
2022-11-20T08:19:31.861Z [P.A] info GET /request/id
2022-11-20T08:23:59.596Z [P.A] error POST  - invalid input syntax for type timestamp with time zone: "Invalid date"
2022-11-20T08:24:13.976Z [P.A] error POST  - invalid input syntax for type timestamp with time zone: "Invalid date"
2022-11-20T08:24:32.553Z [P.A] error POST  - Unexpected token o in JSON at position 162
2022-11-20T08:25:05.595Z [P.A] error POST  - invalid input syntax for type timestamp with time zone: "Invalid date"
2022-11-20T08:26:47.910Z [P.A] info POST / Request - {"nameHol":"Marcela","mailHol":"@hotmail.com","cpfHol":"123","docHol":"18997446989","typeReq":"1","noteHol":"teste","status":"ok","date":"01/01/2000","noteReq":"teste"}
2022-11-20T08:27:29.074Z [P.A] info GET /request
2022-11-20T08:27:33.237Z [P.A] info GET /request/id
2022-11-20T08:29:49.626Z [P.A] error PUT  - WHERE parameter "request" has invalid "undefined" value
2022-11-20T08:30:05.037Z [P.A] error PUT  - column "request" does not exist
2022-11-20T08:33:32.672Z [P.A] info PUT / Request - {"requestId":1,"nameRep":null,"mailRep":null,"cpfRep":null,"docRep":null,"nameHol":"Marcela","mailHol":"@hotmail.com","cpfHol":"123","docHol":"18997446989","typeReq":"1","noteHol":"teste","status":"nok","date":"2000-01-01T02:00:00.000Z","noteReq":"teste123"}
2022-11-20T08:33:46.858Z [P.A] info GET /request/id
2022-11-20T08:33:59.378Z [P.A] info PUT / Request - {"requestId":1,"nameRep":null,"mailRep":null,"cpfRep":null,"docRep":null,"nameHol":"Marcela","mailHol":"@hotmail.com","cpfHol":"123","docHol":"18997446989","typeReq":"1","noteHol":"teste","status":"nok","date":"2000-01-01T02:00:00.000Z","noteReq":"teste123"}
2022-11-20T08:34:27.496Z [P.A] info DELETE /request
2022-11-20T08:34:32.719Z [P.A] info GET /request/id
2022-11-20T08:34:40.027Z [P.A] info POST / Request - {"nameHol":"Marcela","mailHol":"@hotmail.com","cpfHol":"123","docHol":"18997446989","typeReq":"1","noteHol":"teste","status":"ok","date":"01/01/2000","noteReq":"teste"}
2022-11-20T08:34:45.012Z [P.A] info GET /request/id
2022-11-20T08:34:50.396Z [P.A] info GET /request/id
2022-11-30T01:08:41.340Z [P.A] info GET /request
2022-11-30T01:09:16.337Z [P.A] info GET /request
2022-12-05T02:14:11.314Z [P.A] info GET /request
2022-12-05T02:14:48.455Z [P.A] info GET /request
2022-12-05T02:24:24.235Z [P.A] info POST / Request - {"nameHol":"Marcela","mailHol":"@hotmail.com","cpfHol":"123","docHol":"18997446989","typeReq":"1","noteHol":"teste","status":"ok","date":"01/01/2000","noteReq":"teste"}
2022-12-05T02:25:13.601Z [P.A] info POST / Request - {"nameHol":"Marcela","mailHol":"@hotmail.com","cpfHol":"12344","docHol":"18997446989","typeReq":"1","noteHol":"teste","status":"ok","date":"01/01/2000","noteReq":"teste"}
2022-12-05T02:25:47.782Z [P.A] info POST / Request - {"nameHol":"Marcela","mailHol":"@hotmail.com","cpfHol":"12344","docHol":"18997446989","typeReq":"1","noteHol":"teste","status":"ok","date":"01/01/2000","noteReq":"teste"}
2022-12-11T17:36:46.461Z [P.A] info GET /request
2022-12-11T17:37:08.542Z [P.A] info GET /request
2022-12-11T17:37:20.618Z [P.A] info GET /request
2022-12-11T17:42:52.455Z [P.A] info POST / Request - {"nameHol":"Marcela","mailHol":"@hotmail.com","cpfHol":"12344","docHol":"18997446989","typeReq":"1","noteHol":"teste","status":"ok","date":"01/01/2000","noteReq":"teste"}
2022-12-11T17:45:00.765Z [P.A] error POST  - Nome, Email, CPF e Documento são Obrigatórios
2022-12-11T17:45:52.072Z [P.A] error POST  - invalid input syntax for type timestamp with time zone: "Invalid date"
2022-12-11T17:46:06.999Z [P.A] info POST / Request - {"nameHol":"Marcela","mailHol":"@hotmail.com","cpfHol":"12344","docHol":"","typeReq":"1","noteHol":"","status":"","noteReq":""}
2022-12-11T17:46:20.513Z [P.A] error POST  - invalid input syntax for type timestamp with time zone: "Invalid date"
2022-12-11T18:22:05.196Z [P.A] info POST / Request - {"nameHol":"Marcela","mailHol":"@hotmail.com","cpfHol":"12344","docHol":"","typeReq":"1","noteHol":"","status":"","noteReq":""}
2022-12-11T18:22:36.583Z [P.A] info POST / Request - {"nameHol":"Marcela","mailHol":"@hotmail.com","cpfHol":"12344","docHol":"","typeReq":"1","noteHol":"","status":"","noteReq":""}
2022-12-11T18:23:49.028Z [P.A] info POST / Request - {"nameHol":"Marcela","mailHol":"@hotmail.com","cpfHol":"12344","docHol":"","typeReq":"1","noteHol":"","status":"","noteReq":""}
2022-12-11T18:26:51.550Z [P.A] info POST / Request - {"nameHol":"Marcela","mailHol":"@hotmail.com","cpfHol":"12344","docHol":"","typeReq":"1","noteHol":"","status":"","noteReq":""}
2022-12-11T18:27:10.448Z [P.A] info POST / Request - {"nameRep":"Marcela Silva Villani","mailRep":"marcelavillani_@hotmail.com","cpfRep":"teste","nameHol":"Marcela Silva Villani","mailHol":"marcelavillani_@hotmail.com","cpfHol":"teste","typeReq":"3"}
2022-12-11T18:27:23.738Z [P.A] info POST / Request - {"nameHol":"Marcela","mailHol":"@hotmail.com","cpfHol":"12344","docHol":"","typeReq":"1","noteHol":"","status":"","noteReq":""}
2022-12-13T04:53:35.104Z [P.A] info GET /request
2022-12-13T04:53:55.833Z [P.A] info DELETE /request
2022-12-13T04:54:00.974Z [P.A] info DELETE /request
2022-12-13T04:54:05.639Z [P.A] info DELETE /request
2022-12-13T04:54:09.450Z [P.A] info GET /request
2022-12-13T04:54:10.197Z [P.A] info DELETE /request
2022-12-13T04:54:13.798Z [P.A] info DELETE /request
2022-12-13T04:54:17.578Z [P.A] info DELETE /request
2022-12-13T04:54:23.349Z [P.A] info DELETE /request
2022-12-13T04:54:28.119Z [P.A] info DELETE /request
2022-12-13T04:54:32.880Z [P.A] info GET /request
2022-12-13T04:55:03.190Z [P.A] info GET /request
2022-12-13T05:14:04.076Z [P.A] info GET /request
2022-12-13T05:14:35.421Z [P.A] info GET /request
2022-12-13T06:51:44.972Z [P.A] info GET /request
2022-12-13T06:52:18.845Z [P.A] info GET /request
2022-12-13T07:13:03.776Z [P.A] info GET /request
2022-12-13T07:13:05.469Z [P.A] info GET /request
2022-12-13T07:13:11.814Z [P.A] info POST / Request - {"nameHol":"Marcela Silva Villani","mailHol":"marcelavillani_@hotmail.com","cpfHol":"teste","typeReq":"2"}
2022-12-13T07:13:33.007Z [P.A] info POST / Request - {"nameHol":"Marcela Silva Villani","mailHol":"marcelavillani_@hotmail.com","cpfHol":"teste","typeReq":"2"}
2022-12-13T07:14:12.911Z [P.A] info POST / Request - {"nameRep":"Marcela Silva Villani","mailRep":"marcelavillani_@hotmail.com","cpfRep":"teste","cpfHol":"teste","nameHol":"Marcela Silva Villani","mailHol":"marcelavillani_@hotmail.com","typeReq":"2"}
2022-12-13T07:14:28.440Z [P.A] info POST / Request - {"nameRep":"Marcela Silva Villani","mailRep":"marcelavillani_@hotmail.com","cpfRep":"teste","cpfHol":"teste","nameHol":"Marcela Silva Villani","mailHol":"marcelavillani_@hotmail.com","typeReq":"2"}
2022-12-13T07:14:31.074Z [P.A] info GET /request
2022-12-13T07:23:59.562Z [P.A] info GET /request
2022-12-13T07:24:05.181Z [P.A] info GET /request
2022-12-13T07:24:29.203Z [P.A] info GET /request
2022-12-13T07:33:11.201Z [P.A] info GET /request
2022-12-13T07:33:14.636Z [P.A] info GET /request
2022-12-13T07:33:23.742Z [P.A] info POST / Request - {"nameRep":"Marcela Silva Villani","mailRep":"marcelavillani_@hotmail.com","cpfRep":"teste","nameHol":"Marcela Silva Villani","mailHol":"marcelavillani_@hotmail.com","cpfHol":"teste","typeReq":"2"}
2022-12-13T07:33:37.907Z [P.A] info POST / Request - {"nameRep":"Marcela Silva Villani","mailRep":"marcelavillani_@hotmail.com","cpfRep":"teste","nameHol":"Marcela Silva Villani","mailHol":"marcelavillani_@hotmail.com","cpfHol":"teste","typeReq":"2"}
2022-12-13T07:33:41.555Z [P.A] info POST / Request - {"nameRep":"Marcela Silva Villani","mailRep":"marcelavillani_@hotmail.com","cpfRep":"teste","nameHol":"Marcela Silva Villani","mailHol":"marcelavillani_@hotmail.com","cpfHol":"teste","typeReq":"2"}
2022-12-13T07:33:45.648Z [P.A] info GET /request
2022-12-13T07:34:05.163Z [P.A] info POST / Request - {"nameRep":"Marcela Silva Villani","mailRep":"marcelavillani_@hotmail.com","cpfRep":"teste","nameHol":"Marcela Silva Villani","mailHol":"marcelavillani_@hotmail.com","cpfHol":"teste000000000000000000","typeReq":"2"}
2022-12-13T07:34:06.027Z [P.A] info POST / Request - {"nameRep":"Marcela Silva Villani","mailRep":"marcelavillani_@hotmail.com","cpfRep":"teste","nameHol":"Marcela Silva Villani","mailHol":"marcelavillani_@hotmail.com","cpfHol":"teste000000000000000000","typeReq":"2"}
2022-12-13T07:34:10.835Z [P.A] info GET /request
